<?xml version="1.0" encoding="UTF-8"?>
<testng-results ignored="0" total="1" passed="1" failed="0" skipped="0">
  <reporter-output>
  </reporter-output>
  <suite started-at="2023-07-27T12:34:24 EDT" name="Default suite" finished-at="2023-07-27T12:34:50 EDT" duration-ms="25989">
    <groups>
    </groups>
    <test started-at="2023-07-27T12:34:24 EDT" name="Default test" finished-at="2023-07-27T12:34:50 EDT" duration-ms="25989">
      <class name="Test.SanityTest">
        <test-method is-config="true" signature="setUp()[pri:0, instance:Test.SanityTest@56cdfb3b]" started-at="2023-07-27T12:34:20 EDT" name="setUp" finished-at="2023-07-27T12:34:24 EDT" duration-ms="3744" status="PASS">
          <reporter-output>
          </reporter-output>
        </test-method> <!-- setUp -->
        <test-method signature="DemoGuru99()[pri:0, instance:Test.SanityTest@56cdfb3b]" started-at="2023-07-27T12:34:24 EDT" name="DemoGuru99" finished-at="2023-07-27T12:34:50 EDT" duration-ms="25892" status="PASS">
          <reporter-output>
          </reporter-output>
        </test-method> <!-- DemoGuru99 -->
        <test-method is-config="true" signature="tearDown()[pri:0, instance:Test.SanityTest@56cdfb3b]" started-at="2023-07-27T12:34:50 EDT" name="tearDown" finished-at="2023-07-27T12:34:51 EDT" duration-ms="759" status="PASS">
          <reporter-output>
          </reporter-output>
        </test-method> <!-- tearDown -->
      </class> <!-- Test.SanityTest -->
    </test> <!-- Default test -->
  </suite> <!-- Default suite -->
</testng-results>
